# JRE version: OpenJDK Runtime Environment Temurin-17.0.6+10 (17.0.6+10) (build 17.0.6+10)
# Java VM: OpenJDK 64-Bit Server VM Temurin-17.0.6+10 (17.0.6+10, mixed mode, tiered, compressed oops, compressed class ptrs, parallel gc, windows-amd64)
GC Precious Log:
 CPUs: 8 total, 8 available
 Memory: 3921M
 Large Page Support: Disabled
 NUMA Support: Disabled
 Compressed Oops: Enabled (32-bit)
 Alignments: Space 512K, Generation 512K, Heap 2M
 Heap Min Capacity: 100M
 Heap Initial Capacity: 100M
 Heap Max Capacity: 1G
 Pre-touch: Disabled
 Parallel Workers: 8
Heap:
 PSYoungGen      total 10752K, used 6936K [0x00000000eab00000, 0x00000000eb900000, 0x0000000100000000)
  eden space 6656K, 59% used [0x00000000eab00000,0x00000000eaee3ee0,0x00000000eb180000)
  from space 4096K, 72% used [0x00000000eb500000,0x00000000eb7e2440,0x00000000eb900000)
  to   space 3584K, 0% used [0x00000000eb180000,0x00000000eb180000,0x00000000eb500000)
 ParOldGen       total 283648K, used 254016K [0x00000000c0000000, 0x00000000d1500000, 0x00000000eab00000)
  object space 283648K, 89% used [0x00000000c0000000,0x00000000cf810128,0x00000000d1500000)
 Metaspace       used 58635K, committed 59712K, reserved 1105920K
  class space    used 6318K, committed 6784K, reserved 1048576K
GC Heap History (20 events):
Event: 55.590 GC heap before
{Heap before GC invocations=228 (full 10):
 PSYoungGen      total 8704K, used 8659K [0x00000000eab00000, 0x00000000eb600000, 0x0000000100000000)
  eden space 7168K, 100% used [0x00000000eab00000,0x00000000eb200000,0x00000000eb200000)
  from space 1536K, 97% used [0x00000000eb300000,0x00000000eb474d18,0x00000000eb480000)
  to   space 1536K, 0% used [0x00000000eb480000,0x00000000eb480000,0x00000000eb600000)
 ParOldGen       total 249856K, used 242581K [0x00000000c0000000, 0x00000000cf400000, 0x00000000eab00000)
  object space 249856K, 97% used [0x00000000c0000000,0x00000000cece5520,0x00000000cf400000)
 Metaspace       used 58614K, committed 59648K, reserved 1105920K
  class space    used 6318K, committed 6784K, reserved 1048576K
}
Event: 55.604 GC heap after
{Heap after GC invocations=228 (full 10):
 PSYoungGen      total 8192K, used 1534K [0x00000000eab00000, 0x00000000eb800000, 0x0000000100000000)
  eden space 6656K, 0% used [0x00000000eab00000,0x00000000eab00000,0x00000000eb180000)
  from space 1536K, 99% used [0x00000000eb480000,0x00000000eb5ffa08,0x00000000eb600000)
  to   space 3072K, 0% used [0x00000000eb180000,0x00000000eb180000,0x00000000eb480000)
 ParOldGen       total 249856K, used 243581K [0x00000000c0000000, 0x00000000cf400000, 0x00000000eab00000)
  object space 249856K, 97% used [0x00000000c0000000,0x00000000ceddf658,0x00000000cf400000)
 Metaspace       used 58614K, committed 59648K, reserved 1105920K
  class space    used 6318K, committed 6784K, reserved 1048576K
}
Event: 55.728 GC heap before
{Heap before GC invocations=229 (full 10):
 PSYoungGen      total 8192K, used 8190K [0x00000000eab00000, 0x00000000eb800000, 0x0000000100000000)
  eden space 6656K, 100% used [0x00000000eab00000,0x00000000eb180000,0x00000000eb180000)
  from space 1536K, 99% used [0x00000000eb480000,0x00000000eb5ffa08,0x00000000eb600000)
  to   space 3072K, 0% used [0x00000000eb180000,0x00000000eb180000,0x00000000eb480000)
 ParOldGen       total 249856K, used 243581K [0x00000000c0000000, 0x00000000cf400000, 0x00000000eab00000)
  object space 249856K, 97% used [0x00000000c0000000,0x00000000ceddf658,0x00000000cf400000)
 Metaspace       used 58614K, committed 59648K, reserved 1105920K
  class space    used 6318K, committed 6784K, reserved 1048576K
}
Event: 55.734 GC heap after
{Heap after GC invocations=229 (full 10):
 PSYoungGen      total 8192K, used 1075K [0x00000000eab00000, 0x00000000eb580000, 0x0000000100000000)
  eden space 6656K, 0% used [0x00000000eab00000,0x00000000eab00000,0x00000000eb180000)
  from space 1536K, 70% used [0x00000000eb180000,0x00000000eb28cd18,0x00000000eb300000)
  to   space 2048K, 0% used [0x00000000eb380000,0x00000000eb380000,0x00000000eb580000)
 ParOldGen       total 249856K, used 244970K [0x00000000c0000000, 0x00000000cf400000, 0x00000000eab00000)
  object space 249856K, 98% used [0x00000000c0000000,0x00000000cef3a970,0x00000000cf400000)
 Metaspace       used 58614K, committed 59648K, reserved 1105920K
  class space    used 6318K, committed 6784K, reserved 1048576K
}
Event: 55.824 GC heap before
{Heap before GC invocations=230 (full 10):
 PSYoungGen      total 8192K, used 7731K [0x00000000eab00000, 0x00000000eb580000, 0x0000000100000000)
  eden space 6656K, 100% used [0x00000000eab00000,0x00000000eb180000,0x00000000eb180000)
  from space 1536K, 70% used [0x00000000eb180000,0x00000000eb28cd18,0x00000000eb300000)
  to   space 2048K, 0% used [0x00000000eb380000,0x00000000eb380000,0x00000000eb580000)
 ParOldGen       total 249856K, used 244970K [0x00000000c0000000, 0x00000000cf400000, 0x00000000eab00000)
  object space 249856K, 98% used [0x00000000c0000000,0x00000000cef3a970,0x00000000cf400000)
 Metaspace       used 58614K, committed 59648K, reserved 1105920K
  class space    used 6318K, committed 6784K, reserved 1048576K
}
Event: 55.828 GC heap after
{Heap after GC invocations=230 (full 10):
 PSYoungGen      total 8192K, used 2038K [0x00000000eab00000, 0x00000000eb680000, 0x0000000100000000)
  eden space 6144K, 0% used [0x00000000eab00000,0x00000000eab00000,0x00000000eb100000)
  from space 2048K, 99% used [0x00000000eb380000,0x00000000eb57d910,0x00000000eb580000)
  to   space 2560K, 0% used [0x00000000eb100000,0x00000000eb100000,0x00000000eb380000)
 ParOldGen       total 249856K, used 245177K [0x00000000c0000000, 0x00000000cf400000, 0x00000000eab00000)
  object space 249856K, 98% used [0x00000000c0000000,0x00000000cef6e520,0x00000000cf400000)
 Metaspace       used 58614K, committed 59648K, reserved 1105920K
  class space    used 6318K, committed 6784K, reserved 1048576K
}
Event: 55.882 GC heap before
{Heap before GC invocations=231 (full 10):
 PSYoungGen      total 8192K, used 8182K [0x00000000eab00000, 0x00000000eb680000, 0x0000000100000000)
  eden space 6144K, 100% used [0x00000000eab00000,0x00000000eb100000,0x00000000eb100000)
  from space 2048K, 99% used [0x00000000eb380000,0x00000000eb57d910,0x00000000eb580000)
  to   space 2560K, 0% used [0x00000000eb100000,0x00000000eb100000,0x00000000eb380000)
 ParOldGen       total 249856K, used 245177K [0x00000000c0000000, 0x00000000cf400000, 0x00000000eab00000)
  object space 249856K, 98% used [0x00000000c0000000,0x00000000cef6e520,0x00000000cf400000)
 Metaspace       used 58614K, committed 59648K, reserved 1105920K
  class space    used 6318K, committed 6784K, reserved 1048576K
}
Event: 55.887 GC heap after
{Heap after GC invocations=231 (full 10):
 PSYoungGen      total 7680K, used 1188K [0x00000000eab00000, 0x00000000eb500000, 0x0000000100000000)
  eden space 6144K, 0% used [0x00000000eab00000,0x00000000eab00000,0x00000000eb100000)
  from space 1536K, 77% used [0x00000000eb100000,0x00000000eb229160,0x00000000eb280000)
  to   space 2048K, 0% used [0x00000000eb300000,0x00000000eb300000,0x00000000eb500000)
 ParOldGen       total 249856K, used 247236K [0x00000000c0000000, 0x00000000cf400000, 0x00000000eab00000)
  object space 249856K, 98% used [0x00000000c0000000,0x00000000cf1711e8,0x00000000cf400000)
 Metaspace       used 58614K, committed 59648K, reserved 1105920K
  class space    used 6318K, committed 6784K, reserved 1048576K
}
Event: 55.927 GC heap before
{Heap before GC invocations=232 (full 10):
 PSYoungGen      total 7680K, used 7332K [0x00000000eab00000, 0x00000000eb500000, 0x0000000100000000)
  eden space 6144K, 100% used [0x00000000eab00000,0x00000000eb100000,0x00000000eb100000)
  from space 1536K, 77% used [0x00000000eb100000,0x00000000eb229160,0x00000000eb280000)
  to   space 2048K, 0% used [0x00000000eb300000,0x00000000eb300000,0x00000000eb500000)
 ParOldGen       total 249856K, used 247236K [0x00000000c0000000, 0x00000000cf400000, 0x00000000eab00000)
  object space 249856K, 98% used [0x00000000c0000000,0x00000000cf1711e8,0x00000000cf400000)
 Metaspace       used 58614K, committed 59648K, reserved 1105920K
  class space    used 6318K, committed 6784K, reserved 1048576K
}
Event: 55.932 GC heap after
{Heap after GC invocations=232 (full 10):
 PSYoungGen      total 7168K, used 2036K [0x00000000eab00000, 0x00000000eb700000, 0x0000000100000000)
  eden space 5120K, 0% used [0x00000000eab00000,0x00000000eab00000,0x00000000eb000000)
  from space 2048K, 99% used [0x00000000eb300000,0x00000000eb4fd058,0x00000000eb500000)
  to   space 3072K, 0% used [0x00000000eb000000,0x00000000eb000000,0x00000000eb300000)
 ParOldGen       total 249856K, used 247665K [0x00000000c0000000, 0x00000000cf400000, 0x00000000eab00000)
  object space 249856K, 99% used [0x00000000c0000000,0x00000000cf1dc720,0x00000000cf400000)
 Metaspace       used 58614K, committed 59648K, reserved 1105920K
  class space    used 6318K, committed 6784K, reserved 1048576K
}
Event: 55.971 GC heap before
{Heap before GC invocations=233 (full 10):
 PSYoungGen      total 7168K, used 7156K [0x00000000eab00000, 0x00000000eb700000, 0x0000000100000000)
  eden space 5120K, 100% used [0x00000000eab00000,0x00000000eb000000,0x00000000eb000000)
  from space 2048K, 99% used [0x00000000eb300000,0x00000000eb4fd058,0x00000000eb500000)
  to   space 3072K, 0% used [0x00000000eb000000,0x00000000eb000000,0x00000000eb300000)
 ParOldGen       total 249856K, used 247665K [0x00000000c0000000, 0x00000000cf400000, 0x00000000eab00000)
  object space 249856K, 99% used [0x00000000c0000000,0x00000000cf1dc720,0x00000000cf400000)
 Metaspace       used 58615K, committed 59648K, reserved 1105920K
  class space    used 6318K, committed 6784K, reserved 1048576K
}
Event: 55.975 GC heap after
{Heap after GC invocations=233 (full 10):
 PSYoungGen      total 6656K, used 1243K [0x00000000eab00000, 0x00000000eb400000, 0x0000000100000000)
  eden space 5120K, 0% used [0x00000000eab00000,0x00000000eab00000,0x00000000eb000000)
  from space 1536K, 80% used [0x00000000eb000000,0x00000000eb136e48,0x00000000eb180000)
  to   space 2048K, 0% used [0x00000000eb200000,0x00000000eb200000,0x00000000eb400000)
 ParOldGen       total 249856K, used 249677K [0x00000000c0000000, 0x00000000cf400000, 0x00000000eab00000)
  object space 249856K, 99% used [0x00000000c0000000,0x00000000cf3d3708,0x00000000cf400000)
 Metaspace       used 58615K, committed 59648K, reserved 1105920K
  class space    used 6318K, committed 6784K, reserved 1048576K
}
Event: 55.976 GC heap before
{Heap before GC invocations=234 (full 11):
 PSYoungGen      total 6656K, used 1243K [0x00000000eab00000, 0x00000000eb400000, 0x0000000100000000)
  eden space 5120K, 0% used [0x00000000eab00000,0x00000000eab00000,0x00000000eb000000)
  from space 1536K, 80% used [0x00000000eb000000,0x00000000eb136e48,0x00000000eb180000)
  to   space 2048K, 0% used [0x00000000eb200000,0x00000000eb200000,0x00000000eb400000)
 ParOldGen       total 249856K, used 249677K [0x00000000c0000000, 0x00000000cf400000, 0x00000000eab00000)
  object space 249856K, 99% used [0x00000000c0000000,0x00000000cf3d3708,0x00000000cf400000)
 Metaspace       used 58615K, committed 59648K, reserved 1105920K
  class space    used 6318K, committed 6784K, reserved 1048576K
}
Event: 56.915 GC heap after
{Heap after GC invocations=234 (full 11):
 PSYoungGen      total 7168K, used 0K [0x00000000eab00000, 0x00000000eb480000, 0x0000000100000000)
  eden space 5120K, 0% used [0x00000000eab00000,0x00000000eab00000,0x00000000eb000000)
  from space 2048K, 0% used [0x00000000eb200000,0x00000000eb200000,0x00000000eb400000)
  to   space 2048K, 0% used [0x00000000eb000000,0x00000000eb000000,0x00000000eb200000)
 ParOldGen       total 249856K, used 249018K [0x00000000c0000000, 0x00000000cf400000, 0x00000000eab00000)
  object space 249856K, 99% used [0x00000000c0000000,0x00000000cf32e990,0x00000000cf400000)
 Metaspace       used 58615K, committed 59648K, reserved 1105920K
  class space    used 6318K, committed 6784K, reserved 1048576K
}
Event: 56.953 GC heap before
{Heap before GC invocations=235 (full 12):
 PSYoungGen      total 7168K, used 5108K [0x00000000eab00000, 0x00000000eb480000, 0x0000000100000000)
  eden space 5120K, 99% used [0x00000000eab00000,0x00000000eaffd0b8,0x00000000eb000000)
  from space 2048K, 0% used [0x00000000eb200000,0x00000000eb200000,0x00000000eb400000)
  to   space 2048K, 0% used [0x00000000eb000000,0x00000000eb000000,0x00000000eb200000)
 ParOldGen       total 249856K, used 249018K [0x00000000c0000000, 0x00000000cf400000, 0x00000000eab00000)
  object space 249856K, 99% used [0x00000000c0000000,0x00000000cf32e990,0x00000000cf400000)
 Metaspace       used 58615K, committed 59648K, reserved 1105920K
  class space    used 6318K, committed 6784K, reserved 1048576K
}
Event: 57.901 GC heap after
{Heap after GC invocations=235 (full 12):
 PSYoungGen      total 7168K, used 150K [0x00000000eab00000, 0x00000000eb480000, 0x0000000100000000)
  eden space 5120K, 2% used [0x00000000eab00000,0x00000000eab25800,0x00000000eb000000)
  from space 2048K, 0% used [0x00000000eb000000,0x00000000eb000000,0x00000000eb200000)
  to   space 2048K, 0% used [0x00000000eb200000,0x00000000eb200000,0x00000000eb400000)
 ParOldGen       total 283648K, used 249808K [0x00000000c0000000, 0x00000000d1500000, 0x00000000eab00000)
  object space 283648K, 88% used [0x00000000c0000000,0x00000000cf3f42e0,0x00000000d1500000)
 Metaspace       used 58615K, committed 59648K, reserved 1105920K
  class space    used 6318K, committed 6784K, reserved 1048576K
}
Event: 57.933 GC heap before
{Heap before GC invocations=236 (full 12):
 PSYoungGen      total 7168K, used 5120K [0x00000000eab00000, 0x00000000eb480000, 0x0000000100000000)
  eden space 5120K, 100% used [0x00000000eab00000,0x00000000eb000000,0x00000000eb000000)
  from space 2048K, 0% used [0x00000000eb000000,0x00000000eb000000,0x00000000eb200000)
  to   space 2048K, 0% used [0x00000000eb200000,0x00000000eb200000,0x00000000eb400000)
 ParOldGen       total 283648K, used 249808K [0x00000000c0000000, 0x00000000d1500000, 0x00000000eab00000)
  object space 283648K, 88% used [0x00000000c0000000,0x00000000cf3f42e0,0x00000000d1500000)
 Metaspace       used 58618K, committed 59648K, reserved 1105920K
  class space    used 6318K, committed 6784K, reserved 1048576K
}
Event: 58.247 GC heap after
{Heap after GC invocations=236 (full 12):
 PSYoungGen      total 7168K, used 1563K [0x00000000eab00000, 0x00000000eb480000, 0x0000000100000000)
  eden space 5120K, 0% used [0x00000000eab00000,0x00000000eab00000,0x00000000eb000000)
  from space 2048K, 76% used [0x00000000eb200000,0x00000000eb386d30,0x00000000eb400000)
  to   space 2048K, 0% used [0x00000000eb000000,0x00000000eb000000,0x00000000eb200000)
 ParOldGen       total 283648K, used 249808K [0x00000000c0000000, 0x00000000d1500000, 0x00000000eab00000)
  object space 283648K, 88% used [0x00000000c0000000,0x00000000cf3f42e0,0x00000000d1500000)
 Metaspace       used 58618K, committed 59648K, reserved 1105920K
  class space    used 6318K, committed 6784K, reserved 1048576K
}
Event: 58.292 GC heap before
{Heap before GC invocations=237 (full 12):
 PSYoungGen      total 7168K, used 6683K [0x00000000eab00000, 0x00000000eb480000, 0x0000000100000000)
  eden space 5120K, 100% used [0x00000000eab00000,0x00000000eb000000,0x00000000eb000000)
  from space 2048K, 76% used [0x00000000eb200000,0x00000000eb386d30,0x00000000eb400000)
  to   space 2048K, 0% used [0x00000000eb000000,0x00000000eb000000,0x00000000eb200000)
 ParOldGen       total 283648K, used 249808K [0x00000000c0000000, 0x00000000d1500000, 0x00000000eab00000)
  object space 283648K, 88% used [0x00000000c0000000,0x00000000cf3f42e0,0x00000000d1500000)
 Metaspace       used 58632K, committed 59712K, reserved 1105920K
  class space    used 6318K, committed 6784K, reserved 1048576K
}
Event: 58.305 GC heap after
{Heap after GC invocations=237 (full 12):
 PSYoungGen      total 7168K, used 2016K [0x00000000eab00000, 0x00000000eb680000, 0x0000000100000000)
  eden space 5120K, 0% used [0x00000000eab00000,0x00000000eab00000,0x00000000eb000000)
  from space 2048K, 98% used [0x00000000eb000000,0x00000000eb1f8290,0x00000000eb200000)
  to   space 3072K, 0% used [0x00000000eb380000,0x00000000eb380000,0x00000000eb680000)
 ParOldGen       total 283648K, used 250291K [0x00000000c0000000, 0x00000000d1500000, 0x00000000eab00000)
  object space 283648K, 88% used [0x00000000c0000000,0x00000000cf46cfe8,0x00000000d1500000)
 Metaspace       used 58632K, committed 59712K, reserved 1105920K
  class space    used 6318K, committed 6784K, reserved 1048576K
}

